2013-07-25T12:22:07+01:00 EMERG (0): Message:No email template found     Email:adrian@lessrain.net     Template:register
2013-07-25T14:44:11+01:00 ALERT (1): Email template not found///
2013-07-25T14:44:11+01:00 ALERT (1): Email template not found///
2013-07-25T14:55:41+01:00 ALERT (1): Email template not found/set/adrian@lessrain.net//
2013-07-25T14:56:41+01:00 ALERT (1): Email template not found/adrian@lessrain.net/Undefined/
2013-07-25T14:57:59+01:00 ALERT (1): Email template not found/adrian@lessrain.net/register/
2013-07-25T14:58:23+01:00 DEBUG (7): No errors//adrian@lessrain.net/register/
2013-07-25T15:00:20+01:00 DEBUG (7): No Errors//E:adrian@lessrain.net/T:register/
2013-07-25T15:01:03+01:00 DEBUG (7): No Errors/E:adrian@lessrain.net/T:register/
2013-07-25T15:11:18+01:00 ALERT (1): Email template not found/E:adrian@lessrain.net/T:Undefined/
2013-07-25T15:26:51+01:00 ALERT (1): Email template not found/E:adrian@lessrain.net/T:Undefined/
2013-07-25T15:28:51+01:00 ALERT (1): Email template not found/E:adrian@lessrain.net/T:Undefined/C:
2013-07-25T15:32:30+01:00 DEBUG (7): No Errors/E:adrian@lessrain.net/T:register/C:Hello <NAME><br /><br />Please verify your email address by clicking the following <a href="SOMETHING ELSE">link</a><br />Thanks<br />StreetArt
2013-07-25T15:34:05+01:00 DEBUG (7): No Errors/E:adrian@lessrain.net/T:register/C:Hello <NAME><br /><br />Please verify your email address by clicking the following <a href="SOMETHING ELSE">link</a><br />Thanks<br />StreetArt
2013-07-25T16:05:30+01:00 DEBUG (7): No Errors/E:adrian@lessrain.net/T:register/C:Hello ade<br /><br />Please verify your email address by clicking the following <a href="/confirmations/51f13eba26ff7/">link</a><br />Thanks<br />StreetArt
2013-07-25T16:29:43+01:00 DEBUG (7): No Errors/E:adrian@lessrain.net/T:register/C:Hello ade<br /><br />Please verify your email address by clicking the following <a href="/confirmations/51f1446694b3c/">link</a><br />Thanks<br />StreetArt
2013-07-25T16:34:24+01:00 DEBUG (7): No Errors/E:adrian@lessrain.net/T:register/C:Hello ade<br /><br />Please verify your email address by clicking the following <a href="/confirmations/51f145800ccac/">link</a><br />Thanks<br />StreetArt
2013-07-25T17:00:05+01:00 DEBUG (7): No Errors/E:adrian@lessrain.net/T:register/C:Hello Ade<br /><br />Please verify your email address by clicking the following <a href="/confirmations/51f145800ccac/">link</a><br /><br />Thanks,<br />StreetArt
2013-07-25T17:13:41+01:00 DEBUG (7): No Errors/E:adrian@lessrain.net/T:register/C:Hello Ade<br /><br />Please verify your email address by clicking the following <a href="/confirmations/51f145800ccac/">link</a><br /><br />Thanks,<br />StreetArt
2013-07-26T11:27:08+01:00 DEBUG (7): No Errors/E:/T:register/C:Hello Adrian<br /><br />Please verify your email address by clicking the following <a href="http//streetart.adobe.localhost/confirmations/51f24efb1d6d7/">link</a><br /><br />Thanks,<br />StreetArt
2013-07-26T11:32:25+01:00 DEBUG (7): No Errors/E:admin@adriancallaghan.co.uk/T:register/C:Hello Adrian<br /><br />Please verify your email address by clicking the following <a href="http//streetart.adobe.localhost/confirmations/51f25038ca582/">link</a><br /><br />Thanks,<br />StreetArt
2013-07-26T11:42:30+01:00 DEBUG (7): No Errors/E:admin@adriancallaghan.co.uk/T:register/C:Hello Adrian<br /><br />Please verify your email address by clicking the following <a href="http://streetart.adobe.localhost/confirmations/51f252959c60a/">link</a><br /><br />Thanks,<br />StreetArt
2013-07-26T11:45:56+01:00 DEBUG (7): No Errors/E:adrian@lessrain.net/T:register/C:Hello Adrian<br /><br />Please verify your email address by clicking the following <a href="http://streetart.adobe.localhost/confirmations/51f2535e6a8b6/">link</a><br /><br />Thanks,<br />StreetArt
2013-07-26T11:48:04+01:00 DEBUG (7): No Errors/E:adrian@lessrain.net/T:register/C:Hello Adrian<br /><br />Please verify your email address by clicking the following <a href="http://streetart.adobe.localhost/confirmations/51f253e45c051/">link</a><br /><br />Thanks,<br />StreetArt
2013-07-26T11:48:52+01:00 DEBUG (7): No Errors/E:admin@adriancallaghan.co.uk/T:register/C:Hello Adrian<br /><br />Please verify your email address by clicking the following <a href="http://streetart.adobe.localhost/confirmations/51f25413ac9ac/">link</a><br /><br />Thanks,<br />StreetArt
2013-07-26T11:50:14+01:00 DEBUG (7): No Errors/E:admin@adriancallaghan.co.uk/T:register/C:Hello Adrian<br /><br />Please verify your email address by clicking the following <a href="http://streetart.adobe.localhost/confirmations/51f2546554d10/">link</a><br /><br />Thanks,<br />StreetArt
2013-07-26T11:52:43+01:00 ALERT (1): Unable to send mail: Unknown error/E:admin@adriancallandre@lessrain.net/T:register/C:Hello Adrian<br /><br />Please verify your email address by clicking the following <a href="http://streetart.adobe.localhost/confirmations/51f254fb84880/">link</a><br /><br />Thanks,<br />StreetArt
2013-07-26T11:53:57+01:00 DEBUG (7): No Errors/E:andre@lessrain.net/T:register/C:Hello Adrian<br /><br />Please verify your email address by clicking the following <a href="http://streetart.adobe.localhost/confirmations/51f25544a06d0/">link</a><br /><br />Thanks,<br />StreetArt
2013-07-26T11:54:57+01:00 DEBUG (7): No Errors/E:andre@lessrain.net/T:register/C:Hello Adrian<br /><br />Please verify your email address by clicking the following <a href="http://streetart.adobe.localhost/confirmations/51f2558132c23/">link</a><br /><br />Thanks,<br />StreetArt
2013-07-26T14:05:19+01:00 DEBUG (7): No Errors/E:adrian@lessrain.net/T:reset/C:Hello Adrian<br /><br />Your password has been reset to .#IuRY>\<br /><br />See you soon!,<br />StreetArt
2013-07-29T11:25:50+01:00 DEBUG (7): No Errors/E:adrian@lessrain.net/T:register/C:Hello Bobby<br /><br />Please verify your email address by clicking the following <a href="http://streetart.adobe.localhost/confirmations/51f6432d1c35d/">link</a><br /><br />Thanks,<br /><br />StreetArt
2013-08-02T11:49:17+01:00 DEBUG (7): No Errors/E:adrian@lessrain.net/T:register/C:Hello Bobby<br /><br />Please verify your email address by clicking the following <a href="http://streetart.adobe.localhost/confirmations/51fb8eac717d7/">link</a><br /><br />Thanks,<br /><br />StreetArt
