2013-07-30T17:08:59+01:00 ALERT (1): Internal fetch error 0-0-0
2013-07-30T17:09:08+01:00 ALERT (1): Internal fetch error 0-0-0
2013-07-30T17:09:34+01:00 ALERT (1): Internal Error Fetching zone ref: 0-0-0
2013-07-30T17:09:45+01:00 ALERT (1): Internal Error Fetching Zone: 0-0-0
2013-08-02T11:24:45+01:00 ALERT (1): Zone could not be created with ref:  the following error was encountered: Bad Zone Ref
2013-08-02T11:25:18+01:00 ALERT (1): Zone could not be created with ref:  the following error was encountered: Bad Zone Ref
2013-08-02T11:25:36+01:00 ALERT (1): Zone could not be created with ref:  the following error was encountered: Bad Zone Ref
2013-08-02T13:12:48+01:00 ALERT (1): Zone could not be created with ref: 130979:87163:18 the following error was encountered: Bad Zone Ref 130979:87163:18
2013-08-02T13:13:20+01:00 ALERT (1): Zone could not be created with ref: 130979:87163:18 the following error was encountered: Bad Zone Ref 130979:87163:18
2013-08-02T13:16:43+01:00 ALERT (1): Zone could not be created with ref: 130979:87163:18 the following error was encountered: Bad Zone Ref 130979:87163:18
2013-08-02T13:18:33+01:00 ALERT (1): Zone could not be created with ref: 130979:87163:18 the following error was encountered: Bad Zone Ref 130979:87163:18
2013-08-02T13:18:59+01:00 ALERT (1): Zone could not be created with ref: 130979:87163:18 the following error was encountered: Bad Zone Ref 130979:87163:18
2013-08-02T13:19:40+01:00 ALERT (1): Zone could not be created with ref: 130979:87163:18 the following error was encountered: Bad Zone Ref 130979:87163:18
2013-08-02T13:21:17+01:00 ALERT (1): Zone could not be created with ref: 130979:87163:18 the following error was encountered: Bad Zone Ref 130979:87163:18
2013-08-02T14:25:29+01:00 ALERT (1): Zone could not be created with ref: 130979-87163-28 the following error was encountered: Bad Zone Zoom Ref 130979-87163-28
2013-08-02T14:26:07+01:00 ALERT (1): Zone could not be created with ref: 130979-87163-28 the following error was encountered: Bad Zone Zoom Ref 130979-87163-28
2013-08-02T14:57:50+01:00 DEBUG (7): Upload image > art image > code: linux-wallpaper.jpg
2013-08-02T15:08:50+01:00 DEBUG (7): Upload image > art image > code: linux-wallpaper.jpg
2013-08-02T15:10:21+01:00 DEBUG (7): Upload image > art image > code: linux-wallpaper.jpg
2013-08-02T15:54:10+01:00 DEBUG (7): Upload image > art image > name: linux-wallpaper.jpg
2013-08-02T15:54:19+01:00 DEBUG (7): Upload image > art image > name: linux-wallpaper.jpg
2013-08-02T15:57:37+01:00 DEBUG (7): Upload image > art image > name: linux-wallpaper.jpg
2013-08-02T15:58:38+01:00 DEBUG (7): Upload image > art image > name: linux-wallpaper.jpg
2013-08-02T15:58:38+01:00 DEBUG (7): Upload image > art image > name: linux-wallpaper.jpg
2013-08-02T15:58:38+01:00 DEBUG (7): Upload image > art image > name: linux-wallpaper.jpg
2013-08-02T15:58:38+01:00 DEBUG (7): Upload image > art image > name: linux-wallpaper.jpg
2013-08-02T16:03:10+01:00 DEBUG (7): Upload image > art image > name: linux-wallpaper.jpg
2013-08-02T16:03:10+01:00 DEBUG (7): Upload image > art image > name: linux-wallpaper.jpg
2013-08-02T16:03:10+01:00 DEBUG (7): Upload image > art image > name: linux-wallpaper.jpg
2013-08-02T16:03:10+01:00 DEBUG (7): Upload image > art image > name: linux-wallpaper.jpg
2013-08-02T16:09:41+01:00 DEBUG (7): Upload image > art image > name: linux-wallpaper.jpg
2013-08-02T16:09:41+01:00 DEBUG (7): Upload image > art image > name: linux-wallpaper.jpg
2013-08-02T16:09:41+01:00 DEBUG (7): Upload image > art image > name: linux-wallpaper.jpg
2013-08-02T16:09:41+01:00 DEBUG (7): Upload image > art image > name: linux-wallpaper.jpg
2013-08-02T16:21:39+01:00 DEBUG (7): Upload image > art image > name: linux-wallpaper.jpg
2013-08-02T16:21:39+01:00 DEBUG (7): Upload image > art image > name: linux-wallpaper.jpg
2013-08-02T16:21:39+01:00 DEBUG (7): Upload image > art image > name: linux-wallpaper.jpg
2013-08-02T16:21:39+01:00 DEBUG (7): Upload image > art image > name: linux-wallpaper.jpg
2013-08-02T16:24:34+01:00 DEBUG (7): Upload image > art image > name: linux-wallpaper.jpg
2013-08-02T16:24:34+01:00 DEBUG (7): Upload image > art image > name: linux-wallpaper.jpg
2013-08-02T16:24:34+01:00 DEBUG (7): Upload image > art image > name: linux-wallpaper.jpg
2013-08-02T16:24:34+01:00 DEBUG (7): Upload image > art image > name: linux-wallpaper.jpg
2013-08-02T16:31:09+01:00 DEBUG (7): Upload image > art image > name: linux-wallpaper.jpg
2013-08-02T16:31:09+01:00 DEBUG (7): Upload image > art image > name: linux-wallpaper.jpg
2013-08-02T16:31:09+01:00 DEBUG (7): Upload image > art image > name: linux-wallpaper.jpg
2013-08-02T16:31:09+01:00 DEBUG (7): Upload image > art image > name: linux-wallpaper.jpg
2013-08-02T16:33:42+01:00 DEBUG (7): Upload image > art image > name: linux-wallpaper.jpg
2013-08-02T16:33:42+01:00 DEBUG (7): Upload image > art image > name: linux-wallpaper.jpg
2013-08-02T16:33:42+01:00 DEBUG (7): Upload image > art image > name: linux-wallpaper.jpg
2013-08-02T16:33:42+01:00 DEBUG (7): Upload image > art image > name: linux-wallpaper.jpg
2013-08-02T16:33:52+01:00 DEBUG (7): Upload image > art image > name: linux-wallpaper.jpg
2013-08-02T16:33:52+01:00 DEBUG (7): Upload image > art image > name: linux-wallpaper.jpg
2013-08-02T16:33:52+01:00 DEBUG (7): Upload image > art image > name: linux-wallpaper.jpg
2013-08-02T16:33:52+01:00 DEBUG (7): Upload image > art image > name: linux-wallpaper.jpg
2013-08-02T16:34:02+01:00 DEBUG (7): Upload image > art image > name: linux-wallpaper.jpg
2013-08-02T16:34:02+01:00 DEBUG (7): Upload image > art image > name: linux-wallpaper.jpg
2013-08-02T16:34:02+01:00 DEBUG (7): Upload image > art image > name: linux-wallpaper.jpg
2013-08-02T16:34:02+01:00 DEBUG (7): Upload image > art image > name: linux-wallpaper.jpg
2013-08-02T16:34:12+01:00 DEBUG (7): Upload image > art image > name: linux-wallpaper.jpg
2013-08-02T16:34:12+01:00 DEBUG (7): Upload image > art image > name: linux-wallpaper.jpg
2013-08-02T16:34:12+01:00 DEBUG (7): Upload image > art image > name: linux-wallpaper.jpg
2013-08-02T16:34:12+01:00 DEBUG (7): Upload image > art image > name: linux-wallpaper.jpg
2013-08-02T16:36:38+01:00 DEBUG (7): Upload image > art image > name: linux-wallpaper.jpg
2013-08-02T16:37:33+01:00 DEBUG (7): Upload image > art image > name: linux-wallpaper.jpg
2013-08-02T16:37:33+01:00 DEBUG (7): Upload image > art image > name: linux-wallpaper.jpg
2013-08-02T16:37:33+01:00 DEBUG (7): Upload image > art image > name: linux-wallpaper.jpg
2013-08-02T16:37:33+01:00 DEBUG (7): Upload image > art image > name: linux-wallpaper.jpg
2013-08-02T16:41:31+01:00 DEBUG (7): Upload image > art image > name: linux-wallpaper.jpg
2013-08-02T16:41:31+01:00 DEBUG (7): Upload image > art image > name: linux-wallpaper.jpg
2013-08-02T16:41:31+01:00 DEBUG (7): Upload image > art image > name: linux-wallpaper.jpg
2013-08-02T16:41:31+01:00 DEBUG (7): Upload image > art image > name: linux-wallpaper.jpg
2013-08-02T16:41:33+01:00 DEBUG (7): Upload image > art image > name: linux-wallpaper.jpg
2013-08-02T16:41:33+01:00 DEBUG (7): Upload image > art image > name: linux-wallpaper.jpg
2013-08-02T16:41:33+01:00 DEBUG (7): Upload image > art image > name: linux-wallpaper.jpg
2013-08-02T16:41:33+01:00 DEBUG (7): Upload image > art image > name: linux-wallpaper.jpg
2013-08-02T16:41:53+01:00 DEBUG (7): Upload image > art image > name: linux-wallpaper.jpg
2013-08-02T16:41:53+01:00 DEBUG (7): Upload image > art image > name: linux-wallpaper.jpg
2013-08-02T16:41:53+01:00 DEBUG (7): Upload image > art image > name: linux-wallpaper.jpg
2013-08-02T16:41:53+01:00 DEBUG (7): Upload image > art image > name: linux-wallpaper.jpg
2013-08-02T16:41:55+01:00 DEBUG (7): Upload image > art image > name: linux-wallpaper.jpg
2013-08-02T16:41:55+01:00 DEBUG (7): Upload image > art image > name: linux-wallpaper.jpg
2013-08-02T16:41:55+01:00 DEBUG (7): Upload image > art image > name: linux-wallpaper.jpg
2013-08-02T16:41:55+01:00 DEBUG (7): Upload image > art image > name: linux-wallpaper.jpg
